<?xml version="1.0" encoding="UTF-8"?>
<!-- Generated by org.testng.reporters.JUnitReportReporter -->
<testsuite hostname="DESKTOP-4LNUH7K" failures="0" tests="1" name="Utility.ExcelReader" time="0.000" errors="0" timestamp="2023-03-23T12:42:40 IST" skipped="1">
  <testcase classname="Utility.ExcelReader" name="driverDeta" time="0.000">
    <skipped/>
  </testcase> <!-- driverDeta -->
  <system-out/>
</testsuite> <!-- Utility.ExcelReader -->
